<?xml version="1.0" encoding="UTF-8"?>
<testsuite xmlns:xsi="http://www.w3.org/2001/XMLSchema-instance" xsi:noNamespaceSchemaLocation="https://maven.apache.org/surefire/maven-surefire-plugin/xsd/surefire-test-report.xsd" name="com.github.kyriosdata.exemplo.CalendarioTest" time="0.037" tests="13" errors="0" skipped="0" failures="0">
  <properties>
    <property name="sun.desktop" value="gnome"/>
    <property name="awt.toolkit" value="sun.awt.X11.XToolkit"/>
    <property name="file.encoding.pkg" value="sun.io"/>
    <property name="java.specification.version" value="1.8"/>
    <property name="sun.cpu.isalist" value=""/>
    <property name="sun.jnu.encoding" value="ANSI_X3.4-1968"/>
    <property name="java.class.path" value="/home/aluno/mf-2018/aula-3/exemplo/target/test-classes:/home/aluno/mf-2018/aula-3/exemplo/target/classes:/home/aluno/.m2/repository/org/junit/jupiter/junit-jupiter-api/5.3.0-M1/junit-jupiter-api-5.3.0-M1.jar:/home/aluno/.m2/repository/org/apiguardian/apiguardian-api/1.0.0/apiguardian-api-1.0.0.jar:/home/aluno/.m2/repository/org/opentest4j/opentest4j/1.1.0/opentest4j-1.1.0.jar:/home/aluno/.m2/repository/org/junit/platform/junit-platform-commons/1.3.0-M1/junit-platform-commons-1.3.0-M1.jar:/home/aluno/.m2/repository/org/apache/logging/log4j/log4j-api/2.11.0/log4j-api-2.11.0.jar:/home/aluno/.m2/repository/org/apache/logging/log4j/log4j-core/2.11.0/log4j-core-2.11.0.jar:"/>
    <property name="java.vm.vendor" value="Oracle Corporation"/>
    <property name="sun.arch.data.model" value="64"/>
    <property name="java.vendor.url" value="http://java.oracle.com/"/>
    <property name="user.timezone" value=""/>
    <property name="java.vm.specification.version" value="1.8"/>
    <property name="os.name" value="Linux"/>
    <property name="user.country" value="US"/>
    <property name="sun.java.launcher" value="SUN_STANDARD"/>
    <property name="sun.boot.library.path" value="/usr/lib/jvm/java-8-openjdk-amd64/jre/lib/amd64"/>
    <property name="sun.java.command" value="/home/aluno/mf-2018/aula-3/exemplo/target/surefire/surefirebooter469153782677607354.jar /home/aluno/mf-2018/aula-3/exemplo/target/surefire 2018-09-10T21-26-06_219-jvmRun1 surefire8713109367912616056tmp surefire_04101635015582675514tmp"/>
    <property name="surefire.test.class.path" value="/home/aluno/mf-2018/aula-3/exemplo/target/test-classes:/home/aluno/mf-2018/aula-3/exemplo/target/classes:/home/aluno/.m2/repository/org/junit/jupiter/junit-jupiter-api/5.3.0-M1/junit-jupiter-api-5.3.0-M1.jar:/home/aluno/.m2/repository/org/apiguardian/apiguardian-api/1.0.0/apiguardian-api-1.0.0.jar:/home/aluno/.m2/repository/org/opentest4j/opentest4j/1.1.0/opentest4j-1.1.0.jar:/home/aluno/.m2/repository/org/junit/platform/junit-platform-commons/1.3.0-M1/junit-platform-commons-1.3.0-M1.jar:/home/aluno/.m2/repository/org/apache/logging/log4j/log4j-api/2.11.0/log4j-api-2.11.0.jar:/home/aluno/.m2/repository/org/apache/logging/log4j/log4j-core/2.11.0/log4j-core-2.11.0.jar:"/>
    <property name="sun.cpu.endian" value="little"/>
    <property name="user.home" value="/home/aluno"/>
    <property name="user.language" value="en"/>
    <property name="java.specification.vendor" value="Oracle Corporation"/>
    <property name="java.home" value="/usr/lib/jvm/java-8-openjdk-amd64/jre"/>
    <property name="basedir" value="/home/aluno/mf-2018/aula-3/exemplo"/>
    <property name="file.separator" value="/"/>
    <property name="line.separator" value="&#10;"/>
    <property name="java.vm.specification.vendor" value="Oracle Corporation"/>
    <property name="java.specification.name" value="Java Platform API Specification"/>
    <property name="java.awt.graphicsenv" value="sun.awt.X11GraphicsEnvironment"/>
    <property name="surefire.real.class.path" value="/home/aluno/mf-2018/aula-3/exemplo/target/surefire/surefirebooter469153782677607354.jar"/>
    <property name="sun.boot.class.path" value="/usr/lib/jvm/java-8-openjdk-amd64/jre/lib/resources.jar:/usr/lib/jvm/java-8-openjdk-amd64/jre/lib/rt.jar:/usr/lib/jvm/java-8-openjdk-amd64/jre/lib/sunrsasign.jar:/usr/lib/jvm/java-8-openjdk-amd64/jre/lib/jsse.jar:/usr/lib/jvm/java-8-openjdk-amd64/jre/lib/jce.jar:/usr/lib/jvm/java-8-openjdk-amd64/jre/lib/charsets.jar:/usr/lib/jvm/java-8-openjdk-amd64/jre/lib/jfr.jar:/usr/lib/jvm/java-8-openjdk-amd64/jre/classes"/>
    <property name="sun.management.compiler" value="HotSpot 64-Bit Tiered Compilers"/>
    <property name="java.runtime.version" value="1.8.0_131-8u131-b11-2ubuntu1.16.04.3-b11"/>
    <property name="user.name" value="aluno"/>
    <property name="path.separator" value=":"/>
    <property name="os.version" value="4.4.0-93-generic"/>
    <property name="java.endorsed.dirs" value="/usr/lib/jvm/java-8-openjdk-amd64/jre/lib/endorsed"/>
    <property name="java.runtime.name" value="OpenJDK Runtime Environment"/>
    <property name="file.encoding" value="ANSI_X3.4-1968"/>
    <property name="java.vm.name" value="OpenJDK 64-Bit Server VM"/>
    <property name="localRepository" value="/home/aluno/.m2/repository"/>
    <property name="java.vendor.url.bug" value="http://bugreport.sun.com/bugreport/"/>
    <property name="java.io.tmpdir" value="/tmp"/>
    <property name="java.version" value="1.8.0_131"/>
    <property name="user.dir" value="/home/aluno/mf-2018/aula-3/exemplo"/>
    <property name="os.arch" value="amd64"/>
    <property name="java.vm.specification.name" value="Java Virtual Machine Specification"/>
    <property name="java.awt.printerjob" value="sun.print.PSPrinterJob"/>
    <property name="sun.os.patch.level" value="unknown"/>
    <property name="java.library.path" value="/usr/java/packages/lib/amd64:/usr/lib/x86_64-linux-gnu/jni:/lib/x86_64-linux-gnu:/usr/lib/x86_64-linux-gnu:/usr/lib/jni:/lib:/usr/lib"/>
    <property name="java.vm.info" value="mixed mode"/>
    <property name="java.vendor" value="Oracle Corporation"/>
    <property name="java.vm.version" value="25.131-b11"/>
    <property name="java.ext.dirs" value="/usr/lib/jvm/java-8-openjdk-amd64/jre/lib/ext:/usr/java/packages/lib/ext"/>
    <property name="sun.io.unicode.encoding" value="UnicodeLittle"/>
    <property name="java.class.version" value="52.0"/>
  </properties>
  <testcase name="diaMaiorQue31Invalido" classname="com.github.kyriosdata.exemplo.CalendarioTest" time="0.003"/>
  <testcase name="anoMenorQue1753Invalido" classname="com.github.kyriosdata.exemplo.CalendarioTest" time="0.001"/>
  <testcase name="umAnoBissexto" classname="com.github.kyriosdata.exemplo.CalendarioTest" time="0"/>
  <testcase name="mesMenorQueUmInvalido" classname="com.github.kyriosdata.exemplo.CalendarioTest" time="0"/>
  <testcase name="anoIgualAoLimiteInferior" classname="com.github.kyriosdata.exemplo.CalendarioTest" time="0"/>
  <testcase name="dataInvalidaAnoNaoBissextoNaoVerificaData" classname="com.github.kyriosdata.exemplo.CalendarioTest" time="0"/>
  <testcase name="coberturaCemPorCento" classname="com.github.kyriosdata.exemplo.CalendarioTest" time="0"/>
  <testcase name="umDiaDistanteParaOsHumanos" classname="com.github.kyriosdata.exemplo.CalendarioTest" time="0.001"/>
  <testcase name="diaDaSemanaDeHoje" classname="com.github.kyriosdata.exemplo.CalendarioTest" time="0.012"/>
  <testcase name="umDiaArbitrarioObtidoDeCalendario" classname="com.github.kyriosdata.exemplo.CalendarioTest" time="0"/>
  <testcase name="diaMenorQueUmInvalido" classname="com.github.kyriosdata.exemplo.CalendarioTest" time="0.001"/>
  <testcase name="nomesDiasDaSemana" classname="com.github.kyriosdata.exemplo.CalendarioTest" time="0.001"/>
  <testcase name="mesMaiorQue12Invalido" classname="com.github.kyriosdata.exemplo.CalendarioTest" time="0.001"/>
</testsuite>